[    0.000000] Linux version 4.15.0-212-generic (buildd@lcy02-amd64-083) (gcc version 7.5.0 (Ubuntu 7.5.0-3ubuntu1~18.04)) #223-Ubuntu SMP Tue May 23 13:09:22 UTC 2023 (Ubuntu 4.15.0-212.223-generic 4.15.18)
[    0.000000] Command line: BOOT_IMAGE=/boot/vmlinuz-4.15.0-212-generic root=LABEL=cloudimg-rootfs ro console=tty1 console=ttyS0
[    0.000000] KERNEL supported cpus:
[    0.000000]   Intel GenuineIntel
[    0.000000]   AMD AuthenticAMD
[    0.000000]   Centaur CentaurHauls
[    0.000000] x86/fpu: Supporting XSAVE feature 0x001: 'x87 floating point registers'
[    0.000000] x86/fpu: Supporting XSAVE feature 0x002: 'SSE registers'
[    0.000000] x86/fpu: Supporting XSAVE feature 0x004: 'AVX registers'
[    0.000000] x86/fpu: xstate_offset[2]:  576, xstate_sizes[2]:  256
[    0.000000] x86/fpu: Enabled xstate features 0x7, context size is 832 bytes, using 'standard' format.
[    0.000000] e820: BIOS-provided physical RAM map:
[    0.000000] BIOS-e820: [mem 0x0000000000000000-0x000000000009fbff] usable
[    0.000000] BIOS-e820: [mem 0x000000000009fc00-0x000000000009ffff] reserved
[    0.000000] BIOS-e820: [mem 0x00000000000f0000-0x00000000000fffff] reserved
[    0.000000] BIOS-e820: [mem 0x0000000000100000-0x000000007ffeffff] usable
[    0.000000] BIOS-e820: [mem 0x000000007fff0000-0x000000007fffffff] ACPI data
[    0.000000] BIOS-e820: [mem 0x00000000fec00000-0x00000000fec00fff] reserved
[    0.000000] BIOS-e820: [mem 0x00000000fee00000-0x00000000fee00fff] reserved
[    0.000000] BIOS-e820: [mem 0x00000000fffc0000-0x00000000ffffffff] reserved
[    0.000000] NX (Execute Disable) protection: active
[    0.000000] SMBIOS 2.5 present.
[    0.000000] DMI: innotek GmbH VirtualBox/VirtualBox, BIOS VirtualBox 12/01/2006
[    0.000000] Hypervisor detected: KVM
[    0.000000] e820: last_pfn = 0x7fff0 max_arch_pfn = 0x400000000
[    0.000000] x86/PAT: Configuration [0-7]: WB  WC  UC- UC  WB  WP  UC- WT  
[    0.000000] found SMP MP-table at [mem 0x0009fbf0-0x0009fbff]
[    0.000000] Scanning 1 areas for low memory corruption
[    0.000000] RAMDISK: [mem 0x359cb000-0x36cdcfff]
[    0.000000] ACPI: Early table checksum verification disabled
[    0.000000] ACPI: RSDP 0x00000000000E0000 000024 (v02 VBOX  )
[    0.000000] ACPI: XSDT 0x000000007FFF0030 00003C (v01 VBOX   VBOXXSDT 00000001 ASL  00000061)
[    0.000000] ACPI: FACP 0x000000007FFF00F0 0000F4 (v04 VBOX   VBOXFACP 00000001 ASL  00000061)
[    0.000000] ACPI: DSDT 0x000000007FFF0610 002353 (v02 VBOX   VBOXBIOS 00000002 INTL 20230628)
[    0.000000] ACPI: FACS 0x000000007FFF0200 000040
[    0.000000] ACPI: FACS 0x000000007FFF0200 000040
[    0.000000] ACPI: APIC 0x000000007FFF0240 000054 (v02 VBOX   VBOXAPIC 00000001 ASL  00000061)
[    0.000000] ACPI: SSDT 0x000000007FFF02A0 00036C (v01 VBOX   VBOXCPUT 00000002 INTL 20230628)
[    0.000000] ACPI: Reserving FACP table memory at [mem 0x7fff00f0-0x7fff01e3]
[    0.000000] ACPI: Reserving DSDT table memory at [mem 0x7fff0610-0x7fff2962]
[    0.000000] ACPI: Reserving FACS table memory at [mem 0x7fff0200-0x7fff023f]
[    0.000000] ACPI: Reserving FACS table memory at [mem 0x7fff0200-0x7fff023f]
[    0.000000] ACPI: Reserving APIC table memory at [mem 0x7fff0240-0x7fff0293]
[    0.000000] ACPI: Reserving SSDT table memory at [mem 0x7fff02a0-0x7fff060b]
[    0.000000] No NUMA configuration found
[    0.000000] Faking a node at [mem 0x0000000000000000-0x000000007ffeffff]
[    0.000000] NODE_DATA(0) allocated [mem 0x7ffc5000-0x7ffeffff]
[    0.000000] kvm-clock: cpu 0, msr 0:7ff44001, primary cpu clock
[    0.000000] kvm-clock: Using msrs 4b564d01 and 4b564d00
[    0.000000] kvm-clock: using sched offset of 3055722807 cycles
[    0.000000] clocksource: kvm-clock: mask: 0xffffffffffffffff max_cycles: 0x1cd42e4dffb, max_idle_ns: 881590591483 ns
[    0.000000] Zone ranges:
[    0.000000]   DMA      [mem 0x0000000000001000-0x0000000000ffffff]
[    0.000000]   DMA32    [mem 0x0000000001000000-0x000000007ffeffff]
[    0.000000]   Normal   empty
[    0.000000]   Device   empty
[    0.000000] Movable zone start for each node
[    0.000000] Early memory node ranges
[    0.000000]   node   0: [mem 0x0000000000001000-0x000000000009efff]
[    0.000000]   node   0: [mem 0x0000000000100000-0x000000007ffeffff]
[    0.000000] Reserved but unavailable: 104 pages
[    0.000000] Initmem setup node 0 [mem 0x0000000000001000-0x000000007ffeffff]
[    0.000000] ACPI: PM-Timer IO Port: 0x4008
[    0.000000] IOAPIC[0]: apic_id 1, version 32, address 0xfec00000, GSI 0-23
[    0.000000] ACPI: INT_SRC_OVR (bus 0 bus_irq 0 global_irq 2 dfl dfl)
[    0.000000] ACPI: INT_SRC_OVR (bus 0 bus_irq 9 global_irq 9 low level)
[    0.000000] Using ACPI (MADT) for SMP configuration information
[    0.000000] smpboot: Allowing 1 CPUs, 0 hotplug CPUs
[    0.000000] PM: Registered nosave memory: [mem 0x00000000-0x00000fff]
[    0.000000] PM: Registered nosave memory: [mem 0x0009f000-0x0009ffff]
[    0.000000] PM: Registered nosave memory: [mem 0x000a0000-0x000effff]
[    0.000000] PM: Registered nosave memory: [mem 0x000f0000-0x000fffff]
[    0.000000] e820: [mem 0x80000000-0xfebfffff] available for PCI devices
[    0.000000] Booting paravirtualized kernel on KVM
[    0.000000] clocksource: refined-jiffies: mask: 0xffffffff max_cycles: 0xffffffff, max_idle_ns: 7645519600211568 ns
[    0.000000] setup_percpu: NR_CPUS:8192 nr_cpumask_bits:1 nr_cpu_ids:1 nr_node_ids:1
[    0.000000] percpu: Embedded 50 pages/cpu s167936 r8192 d28672 u2097152
[    0.000000] PV qspinlock hash table entries: 256 (order: 0, 4096 bytes)
[    0.000000] Built 1 zonelists, mobility grouping on.  Total pages: 515961
[    0.000000] Policy zone: DMA32
[    0.000000] Kernel command line: BOOT_IMAGE=/boot/vmlinuz-4.15.0-212-generic root=LABEL=cloudimg-rootfs ro console=tty1 console=ttyS0
[    0.000000] Memory: 2015036K/2096696K available (12300K kernel code, 2477K rwdata, 4324K rodata, 2480K init, 2720K bss, 81660K reserved, 0K cma-reserved)
[    0.000000] SLUB: HWalign=64, Order=0-3, MinObjects=0, CPUs=1, Nodes=1
[    0.000000] Kernel/User page tables isolation: enabled
[    0.000000] ftrace: allocating 39508 entries in 155 pages
[    0.004000] Hierarchical RCU implementation.
[    0.004000] 	RCU restricting CPUs from NR_CPUS=8192 to nr_cpu_ids=1.
[    0.004000] 	Tasks RCU enabled.
[    0.004000] RCU: Adjusting geometry for rcu_fanout_leaf=16, nr_cpu_ids=1
[    0.004000] NR_IRQS: 524544, nr_irqs: 256, preallocated irqs: 16
[    0.004000] random: crng init done
[    0.004000] Console: colour VGA+ 80x25
[    0.004000] console [tty1] enabled
[    0.004000] console [ttyS0] enabled
[    0.004000] ACPI: Core revision 20170831
[    0.004000] ACPI: 2 ACPI AML tables successfully acquired and loaded
[    0.004000] APIC: Switch to symmetric I/O mode setup
[    0.004000] x2apic enabled
[    0.004000] Switched APIC routing to physical x2apic.
[    0.004000] ..TIMER: vector=0x30 apic1=0 pin1=2 apic2=-1 pin2=-1
[    0.004004] tsc: Detected 2111.230 MHz processor
[    0.004783] Calibrating delay loop (skipped) preset value.. 4222.46 BogoMIPS (lpj=8444920)
[    0.005314] pid_max: default: 32768 minimum: 301
[    0.006119] Security Framework initialized
[    0.008002] Yama: becoming mindful.
[    0.008578] AppArmor: AppArmor initialized
[    0.009815] Dentry cache hash table entries: 262144 (order: 9, 2097152 bytes)
[    0.012004] Inode-cache hash table entries: 131072 (order: 8, 1048576 bytes)
[    0.013131] Mount-cache hash table entries: 4096 (order: 3, 32768 bytes)
[    0.014210] Mountpoint-cache hash table entries: 4096 (order: 3, 32768 bytes)
[    0.015558] process: using mwait in idle threads
[    0.016005] Last level iTLB entries: 4KB 64, 2MB 8, 4MB 8
[    0.016895] Last level dTLB entries: 4KB 64, 2MB 0, 4MB 0, 1GB 4
[    0.017800] Spectre V1 : Mitigation: usercopy/swapgs barriers and __user pointer sanitization
[    0.019177] Spectre V2 : Mitigation: Retpolines
[    0.020001] Spectre V2 : Spectre v2 / SpectreRSB mitigation: Filling RSB on context switch
[    0.021366] Spectre V2 : Spectre v2 / SpectreRSB : Filling RSB on VMEXIT
[    0.022420] RETBleed: WARNING: Spectre v2 mitigation leaves CPU vulnerable to RETBleed attacks, data leaks possible!
[    0.024000] RETBleed: Vulnerable
[    0.024001] Speculative Store Bypass: Vulnerable
[    0.024887] MDS: Mitigation: Clear CPU buffers
[    0.025642] MMIO Stale Data: Mitigation: Clear CPU buffers
[    0.026488] SRBDS: Unknown: Dependent on hypervisor status
[    0.041553] Freeing SMP alternatives memory: 36K
[    0.151565] smpboot: CPU0: Intel(R) Core(TM) i7-8650U CPU @ 1.90GHz (family: 0x6, model: 0x8e, stepping: 0xa)
[    0.152000] Performance Events: unsupported p6 CPU model 142 no PMU driver, software events only.
[    0.152000] Hierarchical SRCU implementation.
[    0.152176] NMI watchdog: Perf event create on CPU 0 failed with -2
[    0.153186] NMI watchdog: Perf NMI watchdog permanently disabled
[    0.154189] smp: Bringing up secondary CPUs ...
[    0.154971] smp: Brought up 1 node, 1 CPU
[    0.156001] smpboot: Max logical packages: 1
[    0.156755] smpboot: Total of 1 processors activated (4222.46 BogoMIPS)
[    0.157961] devtmpfs: initialized
[    0.158632] x86/mm: Memory block size: 128MB
[    0.159554] evm: security.selinux
[    0.160003] evm: security.SMACK64
[    0.160639] evm: security.SMACK64EXEC
[    0.161260] evm: security.SMACK64TRANSMUTE
[    0.161948] evm: security.SMACK64MMAP
[    0.162613] evm: security.apparmor
[    0.163226] evm: security.ima
[    0.164001] evm: security.capability
[    0.164816] clocksource: jiffies: mask: 0xffffffff max_cycles: 0xffffffff, max_idle_ns: 7645041785100000 ns
[    0.166348] futex hash table entries: 256 (order: 2, 16384 bytes)
[    0.167434] pinctrl core: initialized pinctrl subsystem
[    0.168121] RTC time:  8:39:40, date: 01/14/25
[    0.168926] NET: Registered protocol family 16
[    0.169765] audit: initializing netlink subsys (disabled)
[    0.170757] cpuidle: using governor ladder
[    0.171443] cpuidle: using governor menu
[    0.172037] ACPI: bus type PCI registered
[    0.172717] acpiphp: ACPI Hot Plug PCI Controller Driver version: 0.5
[    0.173780] PCI: Using configuration type 1 for base access
[    0.174695] audit: type=2000 audit(1736843984.471:1): state=initialized audit_enabled=0 res=1
[    0.177006] HugeTLB registered 2.00 MiB page size, pre-allocated 0 pages
[    0.178208] ACPI: Added _OSI(Module Device)
[    0.178966] ACPI: Added _OSI(Processor Device)
[    0.180003] ACPI: Added _OSI(3.0 _SCP Extensions)
[    0.180817] ACPI: Added _OSI(Processor Aggregator Device)
[    0.181649] ACPI: Added _OSI(Linux-Dell-Video)
[    0.182368] ACPI: Added _OSI(Linux-Lenovo-NV-HDMI-Audio)
[    0.183198] ACPI: Added _OSI(Linux-HPI-Hybrid-Graphics)
[    0.184267] ACPI: Executed 1 blocks of module-level executable AML code
[    0.189219] ACPI: Interpreter enabled
[    0.190121] ACPI: (supports S0 S5)
[    0.190781] ACPI: Using IOAPIC for interrupt routing
[    0.191915] PCI: Using host bridge windows from ACPI; if necessary, use "pci=nocrs" and report a bug
[    0.192139] ACPI: Enabled 2 GPEs in block 00 to 07
[    0.200355] ACPI: PCI Root Bridge [PCI0] (domain 0000 [bus 00-ff])
[    0.201422] acpi PNP0A03:00: _OSC: OS supports [ASPM ClockPM Segments MSI]
[    0.203019] acpi PNP0A03:00: _OSC: not requesting OS control; OS requires [ExtendedConfig ASPM ClockPM MSI]
[    0.204020] acpi PNP0A03:00: fail to add MMCONFIG information, can't access extended PCI configuration space under this bridge.
[    0.206143] PCI host bridge to bus 0000:00
[    0.206831] pci_bus 0000:00: root bus resource [io  0x0000-0x0cf7 window]
[    0.208003] pci_bus 0000:00: root bus resource [io  0x0d00-0xffff window]
[    0.209009] pci_bus 0000:00: root bus resource [mem 0x000a0000-0x000bffff window]
[    0.211397] pci_bus 0000:00: root bus resource [mem 0x80000000-0xfdffffff window]
[    0.212004] pci_bus 0000:00: root bus resource [bus 00-ff]
[    0.214219] pci 0000:00:01.1: legacy IDE quirk: reg 0x10: [io  0x01f0-0x01f7]
[    0.215283] pci 0000:00:01.1: legacy IDE quirk: reg 0x14: [io  0x03f6]
[    0.216003] pci 0000:00:01.1: legacy IDE quirk: reg 0x18: [io  0x0170-0x0177]
[    0.217131] pci 0000:00:01.1: legacy IDE quirk: reg 0x1c: [io  0x0376]
[    0.236421] pci 0000:00:07.0: quirk: [io  0x4000-0x403f] claimed by PIIX4 ACPI
[    0.238146] pci 0000:00:07.0: quirk: [io  0x4100-0x410f] claimed by PIIX4 SMB
[    0.250662] ACPI: PCI Interrupt Link [LNKA] (IRQs 5 9 10 *11)
[    0.252102] ACPI: PCI Interrupt Link [LNKB] (IRQs 5 9 *10 11)
[    0.253347] ACPI: PCI Interrupt Link [LNKC] (IRQs 5 *9 10 11)
[    0.254582] ACPI: PCI Interrupt Link [LNKD] (IRQs 5 9 10 *11)
[    0.256051] SCSI subsystem initialized
[    0.257044] pci 0000:00:02.0: vgaarb: setting as boot VGA device
[    0.258232] pci 0000:00:02.0: vgaarb: VGA device added: decodes=io+mem,owns=io+mem,locks=none
[    0.259974] pci 0000:00:02.0: vgaarb: bridge control possible
[    0.260002] vgaarb: loaded
[    0.260634] ACPI: bus type USB registered
[    0.261489] usbcore: registered new interface driver usbfs
[    0.262615] usbcore: registered new interface driver hub
[    0.264010] usbcore: registered new device driver usb
[    0.265072] EDAC MC: Ver: 3.0.0
[    0.266009] PCI: Using ACPI for IRQ routing
[    0.267112] NetLabel: Initializing
[    0.268002] NetLabel:  domain hash size = 128
[    0.268920] NetLabel:  protocols = UNLABELED CIPSOv4 CALIPSO
[    0.270062] NetLabel:  unlabeled traffic allowed by default
[    0.271409] clocksource: Switched to clocksource kvm-clock
[    0.279125] VFS: Disk quotas dquot_6.6.0
[    0.279957] VFS: Dquot-cache hash table entries: 512 (order 0, 4096 bytes)
[    0.281258] AppArmor: AppArmor Filesystem Enabled
[    0.282194] pnp: PnP ACPI init
[    0.283676] pnp: PnP ACPI: found 3 devices
[    0.289887] clocksource: acpi_pm: mask: 0xffffff max_cycles: 0xffffff, max_idle_ns: 2085701024 ns
[    0.291548] NET: Registered protocol family 2
[    0.292604] IP idents hash table entries: 32768 (order: 6, 262144 bytes)
[    0.294092] TCP established hash table entries: 16384 (order: 5, 131072 bytes)
[    0.295670] TCP bind hash table entries: 16384 (order: 6, 262144 bytes)
[    0.296724] TCP: Hash tables configured (established 16384 bind 16384)
[    0.298088] UDP hash table entries: 1024 (order: 3, 32768 bytes)
[    0.299025] UDP-Lite hash table entries: 1024 (order: 3, 32768 bytes)
[    0.300073] NET: Registered protocol family 1
[    0.300838] pci 0000:00:00.0: Limiting direct PCI/PCI transfers
[    0.301761] pci 0000:00:01.0: Activating ISA DMA hang workarounds
[    0.302780] pci 0000:00:02.0: Video device with shadowed ROM at [mem 0x000c0000-0x000dffff]
[    0.304161] Unpacking initramfs...
[    0.515742] Freeing initrd memory: 19528K
[    0.520223] clocksource: tsc: mask: 0xffffffffffffffff max_cycles: 0x1e6ea0f5492, max_idle_ns: 440795207741 ns
[    0.521785] platform rtc_cmos: registered platform RTC device (no PNP device found)
[    0.523072] Scanning for low memory corruption every 60 seconds
[    0.524570] Initialise system trusted keyrings
[    0.525350] Key type blacklist registered
[    0.526093] workingset: timestamp_bits=36 max_order=19 bucket_order=0
[    0.527987] zbud: loaded
[    0.528887] squashfs: version 4.0 (2009/01/31) Phillip Lougher
[    0.530256] fuse init (API version 7.26)
[    0.531530] Key type asymmetric registered
[    0.532198] Asymmetric key parser 'x509' registered
[    0.532977] Block layer SCSI generic (bsg) driver version 0.4 loaded (major 246)
[    0.534159] io scheduler noop registered
[    0.534789] io scheduler deadline registered
[    0.535515] io scheduler cfq registered (default)
[    0.536473] ACPI: AC Adapter [AC] (on-line)
[    0.537245] input: Power Button as /devices/LNXSYSTM:00/LNXPWRBN:00/input/input0
[    0.538466] ACPI: Power Button [PWRF]
[    0.539187] input: Sleep Button as /devices/LNXSYSTM:00/LNXSLPBN:00/input/input1
[    0.540421] ACPI: Sleep Button [SLPF]
[    0.541222] Serial: 8250/16550 driver, 32 ports, IRQ sharing enabled
[    0.564100] 00:02: ttyS0 at I/O 0x3f8 (irq = 4, base_baud = 115200) is a 16550A
[    0.566458] Linux agpgart interface v0.103
[    0.567962] loop: module loaded
[    0.568918] scsi host0: ata_piix
[    0.569549] scsi host1: ata_piix
[    0.570206] ata1: PATA max UDMA/33 cmd 0x1f0 ctl 0x3f6 bmdma 0xd000 irq 14
[    0.571273] ata2: PATA max UDMA/33 cmd 0x170 ctl 0x376 bmdma 0xd008 irq 15
[    0.572516] tun: Universal TUN/TAP device driver, 1.6
[    0.573348] PPP generic driver version 2.4.2
[    0.574227] ehci_hcd: USB 2.0 'Enhanced' Host Controller (EHCI) Driver
[    0.575231] ehci-pci: EHCI PCI platform driver
[    0.575976] ehci-platform: EHCI generic platform driver
[    0.576809] ohci_hcd: USB 1.1 'Open' Host Controller (OHCI) Driver
[    0.577723] ohci-pci: OHCI PCI platform driver
[    0.578478] ohci-platform: OHCI generic platform driver
[    0.579301] uhci_hcd: USB Universal Host Controller Interface driver
[    0.580302] i8042: PNP: PS/2 Controller [PNP0303:PS2K,PNP0f03:PS2M] at 0x60,0x64 irq 1,12
[    0.582034] serio: i8042 KBD port at 0x60,0x64 irq 1
[    0.582907] serio: i8042 AUX port at 0x60,0x64 irq 12
[    0.583806] mousedev: PS/2 mouse device common for all mice
[    0.585013] input: AT Translated Set 2 keyboard as /devices/platform/i8042/serio0/input/input2
[    0.586675] rtc_cmos rtc_cmos: rtc core: registered rtc_cmos as rtc0
[    0.587700] rtc_cmos rtc_cmos: alarms up to one day, 114 bytes nvram
[    0.588760] i2c /dev entries driver
[    0.589434] device-mapper: uevent: version 1.0.3
[    0.590241] device-mapper: ioctl: 4.37.0-ioctl (2017-09-20) initialised: dm-devel@redhat.com
[    0.591560] ledtrig-cpu: registered to indicate activity on CPUs
[    0.592779] intel_pmc_core:  initialized
[    0.593633] NET: Registered protocol family 10
[    0.596993] Segment Routing with IPv6
[    0.597751] NET: Registered protocol family 17
[    0.598522] Key type dns_resolver registered
[    0.599340] mce: Using 0 MCE banks
[    0.599968] RAS: Correctable Errors collector initialized.
[    0.600893] sched_clock: Marking stable (600868148, 0)->(760884155, -160016007)
[    0.602216] registered taskstats version 1
[    0.602907] Loading compiled-in X.509 certificates
[    0.605451] Loaded X.509 cert 'Build time autogenerated kernel key: b5b26778eaa3ab3a4a6cee031137706e947d12ad'
[    0.607465] Loaded X.509 cert 'Canonical Ltd. Live Patch Signing: 14df34d1a87cf37625abec039ef2bf521249b969'
[    0.609490] Loaded X.509 cert 'Canonical Ltd. Kernel Module Signing: 88f752e560a1e0737e31163a466ad7b70a850c19'
[    0.611101] blacklist: Loading compiled-in revocation X.509 certificates
[    0.612159] Loaded X.509 cert 'Canonical Ltd. Secure Boot Signing: 61482aa2830d0ab2ad5af10b7250da9033ddcef0'
[    0.613731] Loaded X.509 cert 'Canonical Ltd. Secure Boot Signing (2017): 242ade75ac4a15e50d50c84b0d45ff3eae707a03'
[    0.615373] Loaded X.509 cert 'Canonical Ltd. Secure Boot Signing (ESM 2018): 365188c1d374d6b07c3c8f240f8ef722433d6a8b'
[    0.617050] Loaded X.509 cert 'Canonical Ltd. Secure Boot Signing (2019): c0746fd6c5da3ae827864651ad66ae47fe24b3e8'
[    0.618702] Loaded X.509 cert 'Canonical Ltd. Secure Boot Signing (2021 v1): a8d54bbb3825cfb94fa13c9f8a594a195c107b8d'
[    0.620386] Loaded X.509 cert 'Canonical Ltd. Secure Boot Signing (2021 v2): 4cf046892d6fd3c9a5b03f98d845f90851dc6a8c'
[    0.622053] Loaded X.509 cert 'Canonical Ltd. Secure Boot Signing (2021 v3): 100437bb6de6e469b581e61cd66bce3ef4ed53af'
[    0.623726] Loaded X.509 cert 'Canonical Ltd. Secure Boot Signing (Ubuntu Core 2019): c1d57b8f6b743f23ee41f4f7ee292f06eecadfb9'
[    0.625662] zswap: loaded using pool lzo/zbud
[    0.628677] Key type big_key registered
[    0.629332] Key type trusted registered
[    0.631074] Key type encrypted registered
[    0.631782] AppArmor: AppArmor sha1 policy hashing enabled
[    0.632690] ima: No TPM chip found, activating TPM-bypass! (rc=-19)
[    0.633657] ima: Allocated hash algorithm: sha1
[    0.634409] evm: HMAC attrs: 0x1
[    0.635126]   Magic number: 9:1:675
[    0.635783] vtconsole vtcon0: hash matches
[    0.636495] rtc_cmos rtc_cmos: setting system clock to 2025-01-14 08:39:40 UTC (1736843980)
[    0.637878] BIOS EDD facility v0.16 2004-Jun-25, 0 devices found
[    0.638916] EDD information not available.
[    0.769354] Freeing unused kernel image memory: 2480K
[    0.780125] Write protecting the kernel read-only data: 20480k
[    0.782681] Freeing unused kernel image memory: 2008K
[    0.784604] Freeing unused kernel image memory: 1820K
[    0.795557] x86/mm: Checked W+X mappings: passed, no W+X pages found.
[    0.797107] x86/mm: Checking user space page tables
[    0.805453] x86/mm: Checked W+X mappings: passed, no W+X pages found.
Loading, please wait...
starting version 237
[    0.903629] e1000: Intel(R) PRO/1000 Network Driver - version 7.3.21-k8-NAPI
[    0.905068] e1000: Copyright (c) 1999-2006 Intel Corporation.
[    0.909542] Fusion MPT base driver 3.04.20
[    0.910427] Copyright (c) 1999-2008 LSI Corporation
[    0.913734] Fusion MPT SPI Host driver 3.04.20
[    0.933823] AVX2 version of gcm_enc/dec engaged.
[    0.934796] AES CTR mode by8 optimization enabled
[    1.128537] input: ImExPS/2 Generic Explorer Mouse as /devices/platform/i8042/serio1/input/input4
[    1.308887] e1000 0000:00:03.0 eth0: (PCI:33MHz:32-bit) 02:3b:7b:b7:3b:2d
[    1.310111] e1000 0000:00:03.0 eth0: Intel(R) PRO/1000 Network Connection
[    1.312198] mptbase: ioc0: Initiating bringup
[    1.420724] ioc0: LSI53C1030 A0: Capabilities={Initiator}
[    1.666845] scsi host2: ioc0: LSI53C1030 A0, FwRev=00000000h, Ports=1, MaxQ=256, IRQ=20
[    1.845877] scsi 2:0:0:0: Direct-Access     VBOX     HARDDISK         1.0  PQ: 0 ANSI: 5
[    1.855534] scsi target2:0:0: Beginning Domain Validation
[    1.865355] scsi target2:0:0: Domain Validation skipping write tests
[    1.869641] scsi target2:0:0: Ending Domain Validation
[    1.874283] scsi target2:0:0: asynchronous
[    1.877764] scsi 2:0:1:0: Direct-Access     VBOX     HARDDISK         1.0  PQ: 0 ANSI: 5
[    1.881147] scsi target2:0:1: Beginning Domain Validation
[    1.884629] scsi target2:0:1: Domain Validation skipping write tests
[    1.886438] scsi target2:0:1: Ending Domain Validation
[    1.892573] scsi target2:0:1: asynchronous
[    1.975144] sd 2:0:0:0: Attached scsi generic sg0 type 0
[    1.976391] sd 2:0:1:0: Attached scsi generic sg1 type 0
[    1.977299] sd 2:0:0:0: [sda] 83886080 512-byte logical blocks: (42.9 GB/40.0 GiB)
[    1.978599] sd 2:0:1:0: [sdb] 20480 512-byte logical blocks: (10.5 MB/10.0 MiB)
[    1.979753] sd 2:0:0:0: [sda] Write Protect is off
[    1.980798] sd 2:0:1:0: [sdb] Write Protect is off
[    1.981746] sd 2:0:1:0: [sdb] Incomplete mode parameter data
[    1.982649] sd 2:0:1:0: [sdb] Assuming drive cache: write through
[    1.983560] sd 2:0:0:0: [sda] Incomplete mode parameter data
[    1.984445] sd 2:0:0:0: [sda] Assuming drive cache: write through
[    2.011334]  sda: sda1
[    2.012422] sd 2:0:0:0: [sda] Attached SCSI disk
[    2.013477] sd 2:0:1:0: [sdb] Attached SCSI disk
[    2.256684] e1000 0000:00:08.0 eth1: (PCI:33MHz:32-bit) 08:00:27:cc:46:69
[    2.259641] e1000 0000:00:08.0 eth1: Intel(R) PRO/1000 Network Connection
[    2.264657] e1000 0000:00:08.0 enp0s8: renamed from eth1
[    2.269345] e1000 0000:00:03.0 enp0s3: renamed from eth0
Begin: Loading essential drivers ... [    3.830559] raid6: sse2x1   gen() 16207 MB/s
[    3.894988] raid6: sse2x1   xor() 10417 MB/s
[    3.959439] raid6: sse2x2   gen() 17805 MB/s
[    4.023933] raid6: sse2x2   xor() 11916 MB/s
[    4.088282] raid6: sse2x4   gen() 20375 MB/s
[    4.160386] raid6: sse2x4   xor() 14437 MB/s
[    4.225454] raid6: avx2x1   gen() 28419 MB/s
[    4.284006] raid6: avx2x1   xor() 17100 MB/s
[    4.342190] raid6: avx2x2   gen() 37317 MB/s
[    4.406629] raid6: avx2x2   xor() 21804 MB/s
[    4.470352] raid6: avx2x4   gen() 40013 MB/s
[    4.535070] raid6: avx2x4   xor() 24159 MB/s
[    4.536078] raid6: using algorithm avx2x4 gen() 40013 MB/s
[    4.537278] raid6: .... xor() 24159 MB/s, rmw enabled
[    4.538296] raid6: using avx2x2 recovery algorithm
[    4.540733] xor: automatically using best checksumming function   avx       
[    4.543364] async_tx: api initialized (async)
done.
Begin: Running /scripts/init-premount ... done.
Begin: Mounting root file system ... Begin: Running /scripts/local-top ... done.
Begin: Running /scripts/local-premount ... [    4.592467] Btrfs loaded, crc32c=crc32c-intel
Scanning for Btrfs filesystems
done.
Warning: fsck not present, so skipping root file system
[    4.635134] EXT4-fs (sda1): mounted filesystem with ordered data mode. Opts: (null)
done.
Begin: Running /scripts/local-bottom ... done.
Begin: Running /scripts/init-bottom ... done.
[    4.779459] ip_tables: (C) 2000-2006 Netfilter Core Team
[    4.787114] systemd[1]: systemd 237 running in system mode. (+PAM +AUDIT +SELINUX +IMA +APPARMOR +SMACK +SYSVINIT +UTMP +LIBCRYPTSETUP +GCRYPT +GNUTLS +ACL +XZ +LZ4 +SECCOMP +BLKID +ELFUTILS +KMOD -IDN2 +IDN -PCRE2 default-hierarchy=hybrid)
[    4.792078] systemd[1]: Detected virtualization oracle.
[    4.793613] systemd[1]: Detected architecture x86-64.

Welcome to [1mUbuntu 18.04.6 LTS[0m!

[    4.797686] systemd[1]: Set hostname to <ubuntu>.
[    4.800156] systemd[1]: Initializing machine ID from random generator.
[    4.801694] systemd[1]: Installed transient /etc/machine-id file.
[    4.989854] systemd[1]: Reached target Mounting snaps.
[[0;32m  OK  [0m] Reached target Mounting snaps.
[    4.991919] systemd[1]: Set up automount Arbitrary Executable File Formats File System Automount Point.
[[0;32m  OK  [0m] Set up automount Arbitrary Executab…rmats File System Automount Point.
[    4.995487] systemd[1]: Created slice User and Session Slice.
[[0;32m  OK  [0m] Created slice User and Session Slice.
[    4.997489] systemd[1]: Reached target System Time Synchronized.
[[0;32m  OK  [0m] Reached target System Time Synchronized.
[[0;32m  OK  [0m] Reached target Swap.
[[0;32m  OK  [0m] Started Forward Password Requests to Wall Directory Watch.
[[0;32m  OK  [0m] Created slice System Slice.
[[0;32m  OK  [0m] Listening on Device-mapper event daemon FIFOs.
[[0;32m  OK  [0m] Listening on LVM2 metadata daemon socket.
[[0;32m  OK  [0m] Listening on /dev/initctl Compatibility Named Pipe.
[[0;32m  OK  [0m] Listening on fsck to fsckd communication Socket.
[[0;32m  OK  [0m] Listening on Journal Socket.
         Mounting POSIX Message Queue File System...
         Starting File System Check on Root Device...
         Starting Set the console keyboard layout...
[[0;32m  OK  [0m] Listening on LVM2 poll daemon socket.
[[0;32m  OK  [0m] Listening on Journal Socket (/dev/log).
[[0;32m  OK  [0m] Listening on Network Service Netlink Socket.
[[0;32m  OK  [0m] Created slice system-serial\x2dgetty.slice.
         Starting Create list of required st…ce nodes for the current kernel...
[[0;32m  OK  [0m] Listening on Journal Audit Socket.
[[0;32m  OK  [0m] Reached target Slices.
[[0;32m  OK  [0m] Listening on Syslog Socket.
         Starting Journal Service...
         Mounting Kernel Debug File System...
         Starting Monitoring of LVM2 mirrors…ng dmeventd or progress polling...
[[0;32m  OK  [0m] Listening on udev Kernel Socket.
         Starting Uncomplicated firewall...
[[0;32m  OK  [0m] Listening on udev Control Socket.
         Starting udev Coldplug all Devices...
[[0;32m  OK  [0m] Reached target User and Group Name Lookups.
         Starting Load Kernel Modules...
[[0;32m  OK  [0m] Reached target Mounted snaps.
         Mounting Huge Pages File System...
[[0;32m  OK  [0m] Started Journal Service.
[[0;32m  OK  [0m] Mounted POSIX Message Queue File System.
[[0;32m  OK  [0m] Started Create list of required sta…vice nodes for the current kernel.
[[0;32m  OK  [0m] Mounted Kernel Debug File System.
[[0;32m  OK  [0m] Started Uncomplicated firewall.
[[0;32m  OK  [0m] Started File System Check Daemon to report status.
[[0;32m  OK  [0m] Started LVM2 metadata daemon.
         Starting Create Static Device Nodes in /dev...
[[0;32m  OK  [0m] Mounted Huge Pages File System.
[[0;32m  OK  [0m] Started File System Check on Root Device.
         Starting Remount Root and Kernel File Systems...
[    5.130508] Loading iSCSI transport class v2.0-870.
[    5.143949] iscsi: registered transport (tcp)
[[0;32m  OK  [0m] Started Create Static Device Nodes in /dev.
[[0;32m  OK  [0m] Started udev Coldplug all Devices.
[    5.195429] EXT4-fs (sda1): re-mounted. Opts: (null)
[[0;32m  OK  [0m] Started Remount Root and Kernel File Systems.
         Starting udev Kernel Device Manager...
         Starting Flush Journal to Persistent Storage...
         Starting Load/Save Random Seed...
[[0;32m  OK  [0m] Started Monitoring of LVM2 mirrors,…sing dmeventd or progress polling.
[    5.239085] iscsi: registered transport (iser)
[[0;32m  OK  [0m] Started Load Kernel Modules.
         Starting Apply Kernel Variables...
         Mounting FUSE Control File System...
         Mounting Kernel Configuration File System...
[    5.265146] systemd-journald[396]: Received request to flush runtime journal from PID 1
[[0;32m  OK  [0m] Mounted Kernel Configuration File System.
[[0;32m  OK  [0m] Mounted FUSE Control File System.
[[0;32m  OK  [0m] Started udev Kernel Device Manager.
[[0;32m  OK  [0m] Started Load/Save Random Seed.
[[0;32m  OK  [0m] Started Apply Kernel Variables.
[[0;32m  OK  [0m] Started Flush Journal to Persistent Storage.
[[0;32m  OK  [0m] Found device /dev/ttyS0.
[[0;32m  OK  [0m] Listening on Load/Save RF Kill Switch Status /dev/rfkill Watch.
         Mounting Arbitrary Executable File Formats File System...
[[0;32m  OK  [0m] Mounted Arbitrary Executable File Formats File System.
[[0;32m  OK  [0m] Started Set the console keyboard layout.
[[0;32m  OK  [0m] Reached target Local File Systems (Pre).
[[0;32m  OK  [0m] Reached target Local File Systems.
         Starting Tell Plymouth To Write Out Runtime Data...
         Starting Set console font and keymap...
         Starting Create Volatile Files and Directories...
         Starting Commit a transient machine-id on disk...
         Starting AppArmor initialization...
         Starting ebtables ruleset management...
[[0;32m  OK  [0m] Started Dispatch Password Requests to Console Directory Watch.
[[0;32m  OK  [0m] Reached target Local Encrypted Volumes.
[[0;32m  OK  [0m] Started Tell Plymouth To Write Out Runtime Data.
[[0;32m  OK  [0m] Started Commit a transient machine-id on disk.
[[0;32m  OK  [0m] Started Create Volatile Files and Directories.
         Starting Update UTMP about System Boot/Shutdown...
[[0;32m  OK  [0m] Started Update UTMP about System Boot/Shutdown.
[[0;32m  OK  [0m] Started ebtables ruleset management.
[[0;32m  OK  [0m] Started Set console font and keymap.
[[0;32m  OK  [0m] Started AppArmor initialization.
         Starting Load AppArmor profiles managed internally by snapd...
         Starting Initial cloud-init job (pre-networking)...
[[0;32m  OK  [0m] Started Load AppArmor profiles managed internally by snapd.
[   11.054632] cloud-init[793]: Cloud-init v. 23.1.2-0ubuntu0~18.04.1 running 'init-local' at Tue, 14 Jan 2025 08:39:50 +0000. Up 10.68 seconds.
[[0;32m  OK  [0m] Started Initial cloud-init job (pre-networking).
[[0;32m  OK  [0m] Reached target Network (Pre).
         Starting Network Service...
[[0;32m  OK  [0m] Started Network Service.
         Starting Network Name Resolution...
         Starting Wait for Network to be Configured...
[[0;32m  OK  [0m] Started Network Name Resolution.
[[0;32m  OK  [0m] Reached target Host and Network Name Lookups.
[[0;32m  OK  [0m] Reached target Network.
[[0;32m  OK  [0m] Started Wait for Network to be Configured.
         Starting Initial cloud-init job (metadata service crawler)...
[   13.373898] cloud-init[918]: Cloud-init v. 23.1.2-0ubuntu0~18.04.1 running 'init' at Tue, 14 Jan 2025 08:39:52 +0000. Up 13.12 seconds.
[   13.376998] cloud-init[918]: ci-info: ++++++++++++++++++++++++++++++++++++++Net device info+++++++++++++++++++++++++++++++++++++++
[   13.381541] cloud-init[918]: ci-info: +--------+-------+----------------------------+---------------+--------+-------------------+
[   13.382996] cloud-init[918]: ci-info: | Device |   Up  |          Address           |      Mask     | Scope  |     Hw-Address    |
[   13.386395] cloud-init[918]: ci-info: +--------+-------+----------------------------+---------------+--------+-------------------+
[   13.387960] cloud-init[918]: ci-info: | enp0s3 |  True |         10.0.2.15          | 255.255.255.0 | global | 02:3b:7b:b7:3b:2d |
[   13.389413] cloud-init[918]: ci-info: | enp0s3 |  True | fd00::3b:7bff:feb7:3b2d/64 |       .       | global | 02:3b:7b:b7:3b:2d |
[   13.390893] cloud-init[918]: ci-info: | enp0s3 |  True | fe80::3b:7bff:feb7:3b2d/64 |       .       |  link  | 02:3b:7b:b7:3b:2d |
[   13.392210] cloud-init[918]: ci-info: | enp0s8 | False |             .              |       .       |   .    | 08:00:27:cc:46:69 |
[   13.393600] cloud-init[918]: ci-info: |   lo   |  True |         127.0.0.1          |   255.0.0.0   |  host  |         .         |
[   13.394799] cloud-init[918]: ci-info: |   lo   |  True |          ::1/128           |       .       |  host  |         .         |
[   13.396270] cloud-init[918]: ci-info: +--------+-------+----------------------------+---------------+--------+-------------------+
[   13.397600] cloud-init[918]: ci-info: ++++++++++++++++++++++++++++Route IPv4 info+++++++++++++++++++++++++++++
[   13.398932] cloud-init[918]: ci-info: +-------+-------------+----------+-----------------+-----------+-------+
[   13.403738] cloud-init[918]: ci-info: | Route | Destination | Gateway  |     Genmask     | Interface | Flags |
[   13.408172] cloud-init[918]: ci-info: +-------+-------------+----------+-----------------+-----------+-------+
[   13.409440] cloud-init[918]: ci-info: |   0   |   0.0.0.0   | 10.0.2.2 |     0.0.0.0     |   enp0s3  |   UG  |
[   13.412209] cloud-init[918]: ci-info: |   1   |   10.0.2.0  | 0.0.0.0  |  255.255.255.0  |   enp0s3  |   U   |
[   13.413400] cloud-init[918]: ci-info: |   2   |   10.0.2.2  | 0.0.0.0  | 255.255.255.255 |   enp0s3  |   UH  |
[   13.416138] cloud-init[918]: ci-info: +-------+-------------+----------+-----------------+-----------+-------+
[   13.417669] cloud-init[918]: ci-info: +++++++++++++++++++Route IPv6 info+++++++++++++++++++
[   13.420839] cloud-init[918]: ci-info: +-------+-------------+---------+-----------+-------+
[   13.423893] cloud-init[918]: ci-info: | Route | Destination | Gateway | Interface | Flags |
[   13.425091] cloud-init[918]: ci-info: +-------+-------------+---------+-----------+-------+
[   13.428145] cloud-init[918]: ci-info: |   1   |  fd00::/64  |    ::   |   enp0s3  |   U   |
[   13.432176] cloud-init[918]: ci-info: |   2   |  fe80::/64  |    ::   |   enp0s3  |   U   |
[   13.433143] cloud-init[918]: ci-info: |   3   |     ::/0    | fe80::2 |   enp0s3  |   UG  |
[   13.434146] cloud-init[918]: ci-info: |   5   |    local    |    ::   |   enp0s3  |   U   |
[   13.444183] cloud-init[918]: ci-info: |   6   |   ff00::/8  |    ::   |   enp0s3  |   U   |
[   13.444972] cloud-init[918]: ci-info: +-------+-------------+---------+-----------+-------+
[   14.036957] cloud-init[918]: Generating public/private rsa key pair.
[   14.037986] cloud-init[918]: Your identification has been saved in /etc/ssh/ssh_host_rsa_key.
[   14.039178] cloud-init[918]: Your public key has been saved in /etc/ssh/ssh_host_rsa_key.pub.
[   14.056430] cloud-init[918]: The key fingerprint is:
[   14.057358] cloud-init[918]: SHA256:Zuk/iSPDNYEbwjAZ2d8rrZKj/PNcXnf0WcP90izJzYs root@ubuntu-bionic
[   14.058744] cloud-init[918]: The key's randomart image is:
[   14.059681] cloud-init[918]: +---[RSA 2048]----+
[   14.060589] cloud-init[918]: |  .=             |
[   14.061329] cloud-init[918]: |  = .            |
[   14.061999] cloud-init[918]: |   + . o         |
[   14.062658] cloud-init[918]: |    o + o.    . .|
[   14.063391] cloud-init[918]: |     . +So    .oo|
[   14.064095] cloud-init[918]: |      o+=    o B=|
[   14.064786] cloud-init[918]: |     o +oo... *.B|
[   14.065392] cloud-init[918]: | .  =.=oooo. ..o.|
[   14.066063] cloud-init[918]: |  oo.=oo.... E . |
[   14.066761] cloud-init[918]: +----[SHA256]-----+
[   14.067410] cloud-init[918]: Generating public/private dsa key pair.
[   14.068315] cloud-init[918]: Your identification has been saved in /etc/ssh/ssh_host_dsa_key.
[   14.069431] cloud-init[918]: Your public key has been saved in /etc/ssh/ssh_host_dsa_key.pub.
[   14.070450] cloud-init[918]: The key fingerprint is:
[   14.071192] cloud-init[918]: SHA256:08OPPadeZHezD66o0qzi8b80A0BZfpSSivv2iNJDUik root@ubuntu-bionic
[   14.076285] cloud-init[918]: The key's randomart image is:
[   14.077146] cloud-init[918]: +---[DSA 1024]----+
[   14.077943] cloud-init[918]: |    .o....       |
[   14.078728] cloud-init[918]: |   ...o..        |
[   14.080146] cloud-init[918]: |   o.....        |
[   14.084245] cloud-init[918]: |E + .. . o       |
[   14.085003] cloud-init[918]: | o .  . S +   o.o|
[   14.085862] cloud-init[918]: |. o    . . = o .+|
[   14.086686] cloud-init[918]: | + ..  o+ . + +. |
[   14.088153] cloud-init[918]: |. o.++..oo . * ..|
[   14.092240] cloud-init[918]: | ..+oo+++o..+.. .|
[   14.093047] cloud-init[918]: +----[SHA256]-----+
[   14.093926] cloud-init[918]: Generating public/private ecdsa key pair.
[   14.096197] cloud-init[918]: Your identification has been saved in /etc/ssh/ssh_host_ecdsa_key.
[   14.100267] cloud-init[918]: Your public key has been saved in /etc/ssh/ssh_host_ecdsa_key.pub.
[   14.101632] cloud-init[918]: The key fingerprint is:
[   14.104226] cloud-init[918]: SHA256:qxMgF+EBkQLtkpxZLv0mBJ7Qr3fqYruzZDuuGH1/E7M root@ubuntu-bionic
[   14.105667] cloud-init[918]: The key's randomart image is:
[   14.108165] cloud-init[918]: +---[ECDSA 256]---+
[   14.112278] cloud-init[918]: |ooo+o.           |
[   14.113009] cloud-init[918]: |o.+o..           |
[   14.124815] cloud-init[918]: |++O...           |
[   14.125309] cloud-init[918]: |oBo++            |
[   14.126452] cloud-init[918]: | .o+..  S        |
[   14.127204] cloud-init[918]: | ....oo o.       |
[[   14.154709] cloud-init[918]: |. +.+o ..+       |
[   14.155723] cloud-init[0;32m  OK  [0m] Started Initial cloud-init job (metadata service crawler).
[[0;32m  OK  [0m] Reached target Cloud-config availability.
[[0;32m  OK  [0m] Reached target System Initialization.
[[0;32m  OK  [0m[918]: |.+=o....E        |
[   14.160699] cloud-init[918]: |o+*O. oo .       |
[   14.161565] cloud-init[918]: +----[SHA256]-----+
[   14.162419] cloud-init[918]: Generating public/private ed25519 key pair.
[   14.163597] cloud-init[918]: ] Started Discard unused blocks once a week.
[[0;32m  OK  [0m] Listening on UUID daemon activation socket.
Your identification has been saved in /etc/ssh/ssh_host_ed25519_key.
[   14.172197] cloud-init[918]: Your public key has been saved in /etc/ssh/ssh_host_ed25519_key.pub.
[   14.176133] cloud-init[918]: The key fingerprint is:
[   14.177577] cloud-init[918]: SHA256:RAuw7ZvgaWo7vh101OTwrnoPNP+e7phll4pslrMVIs0 root@ubuntu-bionic
[   14.179771] cloud-init[918]: The key's randomart image is:
         Starting LXD - unix socket.
[[0;32m  OK  [0m] Started Daily Cleanup of Temporary Directories.
[[0;32m  OK  [0m] Listening on D-Bus System Message Bus Socket.
         Starting Socket activation for snappy daemon.
[   14.202573] cloud-init[918]: +--[ED25519 256]--+
[   14.205899] cloud-init[918]: |    ..o o        |
[[0;32m  OK  [0m] Listening on Open-iSCSI iscsid Socket.
[   14.207289] cloud-init[918]: |     o O .       |
[[   14.208166] cloud-init[918]: |    . o *        |
[   14.208762] cloud-init[918]: |     o =         |
[   14.209216] cloud-init[918]: |    o * E .      |
[   14.209629] cloud-init[918]: |   o = B . . .   |
[   14.210340] cloud-init[918]: |    = = ..+ o    |
[   14.211219] cloud-init[918]: |  o+ o.o=O +     |
[0;32m  OK  [0m] Started Message of the Day.
[[0;32m  OK  [0m] Started Daily apt download activities.
[[0;32m  OK  [0m] Started Ubuntu Advantage Timer for running repeated jobs.
[[0;32m  OK  [0m] Listening on ACPID Listen Socket.
[[0;32m  OK  [0m] Started Daily apt upgrade and clean activities.
[[0;32m  OK  [0m] Reached target Timers.
[[0;32m  OK  [0m] Started ACPI Events Check.
[[0;32m  OK  [0m] Reached target Paths.
[[0;32m  OK  [0m] Listening on cloud-init hotplug hook socket.
[[0;32m  OK  [0m] Reached target Network is Online.
[   14.221733] cloud-init[918]: | o=+o. +B*B      |
         Starting Availability of block devices...
[   14.236899] cloud-init[918]: +----[SHA256]-----+
[[0;32m  OK  [0m] Reached target Remote File Systems (Pre).
[[0;32m  OK  [0m] Reached target Remote File Systems.
[[0;32m  OK  [0m] Listening on LXD - unix socket.
[[0;32m  OK  [0m] Listening on Socket activation for snappy daemon.
[[0;32m  OK  [0m] Started Availability of block devices.
[[0;32m  OK  [0m] Reached target Sockets.
[[0;32m  OK  [0m] Reached target Basic System.
         Starting LSB: Record successful boot for GRUB...
[[0;32m  OK  [0m] Started FUSE filesystem for LXC.
[[0;32m  OK  [0m] Started irqbalance daemon.
         Starting Pollinate to seed the pseudo random number generator...
         Starting Permit User Sessions...
         Starting Login Service...
         Starting Accounts Service...
         Starting Dispatcher daemon for systemd-networkd...
[[0;32m  OK  [0m] Started D-Bus System Message Bus.
[[0;32m  OK  [0m] Started Login Service.
[[0;32m  OK  [0m] Started Unattended Upgrades Shutdown.
         Starting Virtualbox guest utils...
[[0;32m  OK  [0m] Started Regular background program processing daemon.
         Starting LSB: automatic crash report generation...
         Starting Snap Daemon...
         Starting System Logging Service...
[[0;32m  OK  [0m] Started Deferred execution scheduler.
[[0;32m  OK  [0m] Reached target Login Prompts (Pre).
         Starting LXD - container startup/shutdown...
[[0;32m  OK  [0m] Started Permit User Sessions.
         Starting Authorization Manager...
         Starting Hostname Service...
         Starting Hold until boot process finishes up...
         Starting Terminate Plymouth Boot Screen...
[[0;32m  OK  [0m] Started Hold until boot process finishes up.
         Starting Set console scheme...
[[0;32m  OK  [0m] Started Serial Getty on ttyS0.
[[0;32m  OK  [0m] Started System Logging Service.
[[0;32m  OK  [0m] Started Terminate Plymouth Boot Screen.
[[0;32m  OK  [0m] Started LSB: automatic crash report generation.
[[0;32m  OK  [0m] Started Authorization Manager.
[[0;32m  OK  [0m] Started Accounts Service.
[[0;32m  OK  [0m] Started Set console scheme.
[[0;32m  OK  [0m] Created slice system-getty.slice.
[[0;32m  OK  [0m] Started Getty on tty1.
[[0;32m  OK  [0m] Reached target Login Prompts.
[[0;32m  OK  [0m] Started Hostname Service.
[[0;32m  OK  [0m] Started LXD - container startup/shutdown.
[[0;32m  OK  [0m] Started LSB: Record successful boot for GRUB.
[[0;32m  OK  [0m] Started Virtualbox guest utils.
[[0;32m  OK  [0m] Started Dispatcher daemon for systemd-networkd.
[[0;32m  OK  [0m] Started Snap Daemon.
         Starting Wait until snapd is fully seeded...
         Starting Time & Date Service...
[[0;32m  OK  [0m] Started Time & Date Service.
[[0;32m  OK  [0m] Started Pollinate to seed the pseudo random number generator.
         Starting OpenBSD Secure Shell server...
[[0;32m  OK  [0m] Started OpenBSD Secure Shell server.
[[0;32m  OK  [0m] Created slice User Slice of vagrant.
         Starting User Manager for UID 1000...
[[0;32m  OK  [0m] Started Session 1 of user vagrant.
[[0;32m  OK  [0m] Started User Manager for UID 1000.
[[0;32m  OK  [0m] Started Wait until snapd is fully seeded.
         Starting Apply the settings specified in cloud-config...

Ubuntu 18.04.6 LTS ubuntu-bionic ttyS0

ubuntu-bionic login: [   20.754930] cloud-init[1490]: Cloud-init v. 23.1.2-0ubuntu0~18.04.1 running 'modules:config' at Tue, 14 Jan 2025 08:39:59 +0000. Up 20.14 seconds.
ci-info: no authorized SSH keys fingerprints found for user ubuntu.
<14>Jan 14 08:40:01 cloud-init: #############################################################
<14>Jan 14 08:40:01 cloud-init: -----BEGIN SSH HOST KEY FINGERPRINTS-----
<14>Jan 14 08:40:01 cloud-init: 1024 SHA256:08OPPadeZHezD66o0qzi8b80A0BZfpSSivv2iNJDUik root@ubuntu-bionic (DSA)
<14>Jan 14 08:40:01 cloud-init: 256 SHA256:qxMgF+EBkQLtkpxZLv0mBJ7Qr3fqYruzZDuuGH1/E7M root@ubuntu-bionic (ECDSA)
<14>Jan 14 08:40:01 cloud-init: 256 SHA256:RAuw7ZvgaWo7vh101OTwrnoPNP+e7phll4pslrMVIs0 root@ubuntu-bionic (ED25519)
<14>Jan 14 08:40:01 cloud-init: 2048 SHA256:Zuk/iSPDNYEbwjAZ2d8rrZKj/PNcXnf0WcP90izJzYs root@ubuntu-bionic (RSA)
<14>Jan 14 08:40:01 cloud-init: -----END SSH HOST KEY FINGERPRINTS-----
<14>Jan 14 08:40:01 cloud-init: #############################################################
-----BEGIN SSH HOST KEY KEYS-----
ecdsa-sha2-nistp256 AAAAE2VjZHNhLXNoYTItbmlzdHAyNTYAAAAIbmlzdHAyNTYAAABBBO4b/GBqalRV7S8JonuQeXCC3cQxH4h6vwSDHu+zqBIiHAGc59MOOYdhm7lwKuaragpqv36X8JzzdeKXOwcdhv4= root@ubuntu-bionic
ssh-ed25519 AAAAC3NzaC1lZDI1NTE5AAAAINpU450J3ruGUGunAdicymIps3maS9baW52cKQOtNzLx root@ubuntu-bionic
ssh-rsa AAAAB3NzaC1yc2EAAAADAQABAAABAQDPOQ27m8HmiAZlqMrBGwtYj47gaRdo+mOgREtjqxunDGwSsdbhh+/EnMLlAfzvo8ynaoJdH1JDErxGdgnQiPAisIgQKpdmN15ui08nEkuOhKbaQ3VNwxtRcmVtK+yAkG1866vnc1a5zvjYp7eBVpIZLDIU0fNy/N4z7KMKLzzpIPlXZJTwQczHhzArJn4c59TC6dgKF9qdhOVVN1Hxdm6Id+uIeFIbHK1NAuBgBKiW1FaoeNTFSR9UzS7q4FLk/wB5NoD93g8HsIDewhMK7nkWm5L/Aa349BHCDC2fJZI5AJcDgznWP083/h1heVob8zz7eEIqAzu2GYrQIoAP+fNf root@ubuntu-bionic
-----END SSH HOST KEY KEYS-----
[   21.837958] cloud-init[1608]: Cloud-init v. 23.1.2-0ubuntu0~18.04.1 running 'modules:final' at Tue, 14 Jan 2025 08:40:01 +0000. Up 21.54 seconds.
[   21.839634] cloud-init[1608]: Cloud-init v. 23.1.2-0ubuntu0~18.04.1 finished at Tue, 14 Jan 2025 08:40:01 +0000. Datasource DataSourceNoCloud [seed=/dev/sdb][dsmode=net].  Up 21.82 seconds
